<?xml version="1.0" encoding="UTF-8"?>
<testng-results skipped="0" failed="0" total="5" passed="5">
  <reporter-output>
  </reporter-output>
  <suite name="Test - Suite" duration-ms="29713" started-at="2014-11-06T00:09:58Z" finished-at="2014-11-06T00:10:28Z">
    <groups>
    </groups>
    <test name="Housemates UI Testing" duration-ms="29713" started-at="2014-11-06T00:09:58Z" finished-at="2014-11-06T00:10:28Z">
      <class name="housematesAppAutomation.UITestHousemates">
        <test-method status="PASS" signature="TestUserHouseholdInvites()[pri:0, instance:housematesAppAutomation.UITestHousemates@55ab9655]" name="TestUserHouseholdInvites" duration-ms="18319" started-at="2014-11-05T16:09:58Z" finished-at="2014-11-05T16:10:16Z">
          <reporter-output>
          </reporter-output>
        </test-method> <!-- TestUserHouseholdInvites -->
        <test-method status="PASS" signature="TestTransactions()[pri:0, instance:housematesAppAutomation.UITestHousemates@55ab9655]" name="TestTransactions" duration-ms="5069" started-at="2014-11-05T16:10:16Z" depends-on-methods="housematesAppAutomation.UITestHousemates.TestUserHouseholdInvites" finished-at="2014-11-05T16:10:22Z">
          <reporter-output>
          </reporter-output>
        </test-method> <!-- TestTransactions -->
        <test-method status="PASS" signature="TestAnnouncements()[pri:0, instance:housematesAppAutomation.UITestHousemates@55ab9655]" name="TestAnnouncements" duration-ms="2911" started-at="2014-11-05T16:10:22Z" depends-on-methods="housematesAppAutomation.UITestHousemates.TestUserHouseholdInvites, housematesAppAutomation.UITestHousemates.TestTransactions" finished-at="2014-11-05T16:10:24Z">
          <reporter-output>
          </reporter-output>
        </test-method> <!-- TestAnnouncements -->
        <test-method status="PASS" signature="TestSettings()[pri:0, instance:housematesAppAutomation.UITestHousemates@55ab9655]" name="TestSettings" duration-ms="3367" started-at="2014-11-05T16:10:24Z" depends-on-methods="housematesAppAutomation.UITestHousemates.TestUserHouseholdInvites, housematesAppAutomation.UITestHousemates.TestAnnouncements, housematesAppAutomation.UITestHousemates.TestTransactions" finished-at="2014-11-05T16:10:28Z">
          <reporter-output>
          </reporter-output>
        </test-method> <!-- TestSettings -->
        <test-method status="PASS" signature="TestCalendar()[pri:0, instance:housematesAppAutomation.UITestHousemates@55ab9655]" name="TestCalendar" duration-ms="0" started-at="2014-11-05T16:10:24Z" depends-on-methods="housematesAppAutomation.UITestHousemates.TestUserHouseholdInvites, housematesAppAutomation.UITestHousemates.TestAnnouncements, housematesAppAutomation.UITestHousemates.TestTransactions" finished-at="2014-11-05T16:10:24Z">
          <reporter-output>
          </reporter-output>
        </test-method> <!-- TestCalendar -->
      </class> <!-- housematesAppAutomation.UITestHousemates -->
    </test> <!-- Housemates UI Testing -->
  </suite> <!-- Test - Suite -->
</testng-results>
