<?xml version="1.0" encoding="UTF-8"?>
<!-- Generated by org.testng.reporters.JUnitXMLReporter -->
<testsuite hostname="Kevin-Toshiba" name="Housemates UI Testing" tests="5" failures="0" timestamp="5 Nov 2014 23:28:22 GMT" time="26.18" errors="0">
  <testcase name="TestUserHouseholdInvites" time="17.134" classname="housematesAppAutomation.UITestHousemates"/>
  <testcase name="TestTransactions" time="4.667" classname="housematesAppAutomation.UITestHousemates"/>
  <testcase name="TestAnnouncements" time="2.116" classname="housematesAppAutomation.UITestHousemates"/>
  <testcase name="TestCalendar" time="0.0" classname="housematesAppAutomation.UITestHousemates"/>
  <testcase name="TestSettings" time="2.213" classname="housematesAppAutomation.UITestHousemates"/>
</testsuite> <!-- Housemates UI Testing -->
